<?xml version="1.0" encoding="UTF-8"?>
<!-- Generated by org.testng.reporters.JUnitReportReporter -->
<testsuite skipped="0" hostname="WIN-7SKNF5T0O2J" name="regression.Fpk_login_gen" tests="1" failures="0" timestamp="2020-05-01T02:05:38 EDT" time="26.578" errors="0">
  <testcase name="login" time="26.578" classname="regression.Fpk_login_gen"/>
  <system-out/>
</testsuite> <!-- regression.Fpk_login_gen -->
